<?xml version="1.0" encoding="UTF-8" ?>
<testsuite tests="5" failures="0" name="CallHandlerTest" time="70.142" errors="0" skipped="0">
  <properties>
[...]
</properties>
  <testcase classname="CallHandlerTest" name="callForwardedToEmployee" time="10.11"/>
  <testcase classname="CallHandlerTest" name="callForwardedToSupervisorWhenEmployeesAreBusy" time="10.013"/>
  <testcase classname="CallHandlerTest" name="callForwardedToSupervisorIfEmployeeCannotHandle" time="20.004"/>
  <testcase classname="CallHandlerTest" name="callForwardedToManagerWhenAllOtherRepsAreBusy" time="10.001"/>
  <testcase classname="CallHandlerTest" name="callForwardedToManagerIfSupervisorCannotHandle" time="20.014"/>
</testsuite>